#
# There is insufficient memory for the Java Runtime Environment to continue.
# Native memory allocation (mmap) failed to map 264241152 bytes for G1 virtual space
# Possible reasons:
#   The system is out of physical RAM or swap space
#   The process is running with CompressedOops enabled, and the Java Heap may be blocking the growth of the native heap
# Possible solutions:
#   Reduce memory load on the system
#   Increase physical memory or swap space
#   Check if swap backing store is full
#   Decrease Java heap size (-Xmx/-Xms)
#   Decrease number of Java threads
#   Decrease Java thread stack sizes (-Xss)
#   Set larger code cache with -XX:ReservedCodeCacheSize=
#   JVM is running with Zero Based Compressed Oops mode in which the Java heap is
#     placed in the first 32GB address space. The Java Heap base address is the
#     maximum limit for the native heap growth. Please use -XX:HeapBaseMinAddress
#     to set the Java Heap base and to place the Java Heap above 32GB virtual address.
# This output file may be truncated or incomplete.
#
#  Out of Memory Error (os_windows.cpp:3769), pid=10764, tid=15820
#
# JRE version:  (17.0.6) (build )
# Java VM: OpenJDK 64-Bit Server VM (17.0.6+0-b2043.56-9586694, mixed mode, sharing, tiered, compressed oops, compressed class ptrs, g1 gc, windows-amd64)
# No core dump will be written. Minidumps are not enabled by default on client versions of Windows
#

---------------  S U M M A R Y ------------

Command Line: org.jetbrains.kotlin.cli.jvm.K2JVMCompiler @D:\AFIQO\Semester 5\BDA\bottle\app\build\20230925_4540690218394775576.compiler.options

Host: 11th Gen Intel(R) Core(TM) i5-1155G7 @ 2.50GHz, 8 cores, 15G,  Windows 11 , 64 bit Build 22621 (10.0.22621.2215)
Time: Mon Sep 25 14:41:34 2023 SE Asia Standard Time elapsed time: 0.012620 seconds (0d 0h 0m 0s)

---------------  T H R E A D  ---------------

Current thread (0x0000020d304369a0):  JavaThread "Unknown thread" [_thread_in_vm, id=15820, stack(0x000000f0d9300000,0x000000f0d9400000)]

Stack: [0x000000f0d9300000,0x000000f0d9400000]
Native frames: (J=compiled Java code, j=interpreted, Vv=VM code, C=native code)
V  [jvm.dll+0x683b4a]
V  [jvm.dll+0x842654]
V  [jvm.dll+0x843dfe]
V  [jvm.dll+0x844463]
V  [jvm.dll+0x249b75]
V  [jvm.dll+0x680a19]
V  [jvm.dll+0x674f0a]
V  [jvm.dll+0x309acb]
V  [jvm.dll+0x310f86]
V  [jvm.dll+0x3608ee]
V  [jvm.dll+0x360b1f]
V  [jvm.dll+0x2dfbf8]
V  [jvm.dll+0x2e0b64]
V  [jvm.dll+0x813f41]
V  [jvm.dll+0x36e6a1]
V  [jvm.dll+0x7f347c]
V  [jvm.dll+0x3f0e8f]
V  [jvm.dll+0x3f29d1]
C  [jli.dll+0x526b]
C  [ucrtbase.dll+0x29363]
C  [KERNEL32.DLL+0x1257d]
C  [ntdll.dll+0x5aa68]


---------------  P R O C E S S  ---------------

Threads class SMR info:
_java_thread_list=0x00007ff801a8c058, length=0, elements={
}

Java Threads: ( => current thread )

Other Threads:
  0x0000020d304a3600 GCTaskThread "GC Thread#0" [stack: 0x000000f0d9400000,0x000000f0d9500000] [id=13628]
  0x0000020d304b4f40 ConcurrentGCThread "G1 Main Marker" [stack: 0x000000f0d9500000,0x000000f0d9600000] [id=18316]
  0x0000020d304b57f0 ConcurrentGCThread "G1 Conc#0" [stack: 0x000000f0d9600000,0x000000f0d9700000] [id=16964]

[error occurred during error reporting (printing all threads), id 0xc0000005, EXCEPTION_ACCESS_VIOLATION (0xc0000005) at pc=0x00007ff801240797]

VM state: not at safepoint (not fully initialized)

VM Mutex/Monitor currently owned by a thread:  ([mutex/lock_event])
[0x0000020d30432ac0] Heap_lock - owner thread: 0x0000020d304369a0

Heap address: 0x0000000704a00000, size: 4022 MB, Compressed Oops mode: Zero based, Oop shift amount: 3

CDS archive(s) mapped at: [0x0000000000000000-0x0000000000000000-0x0000000000000000), size 0, SharedBaseAddress: 0x0000000800000000, ArchiveRelocationMode: 0.
Narrow klass base: 0x0000000000000000, Narrow klass shift: 0, Narrow klass range: 0x0

GC Precious Log:
<Empty>

Heap:
 garbage-first heap   total 0K, used 0K [0x0000000704a00000, 0x0000000800000000)
  region size 2048K, 0 young (0K), 0 survivors (0K)

[error occurred during error reporting (printing heap information), id 0xc0000005, EXCEPTION_ACCESS_VIOLATION (0xc0000005) at pc=0x00007ff80162d939]

GC Heap History (0 events):
No events

Dll operation events (1 events):
Event: 0.008 Loaded shared library C:\Program Files\Android\Android Studio\jbr\bin\java.dll

Deoptimization events (0 events):
No events

Classes unloaded (0 events):
No events

Classes redefined (0 events):
No events

Internal exceptions (0 events):
No events

VM Operations (0 events):
No events

Events (0 events):
No events


Dynamic libraries:
0x00007ff72ccf0000 - 0x00007ff72ccfa000 	C:\Program Files\Android\Android Studio\jbr\bin\java.exe
0x00007ff857690000 - 0x00007ff8578a4000 	C:\WINDOWS\SYSTEM32\ntdll.dll
0x00007ff855ff0000 - 0x00007ff8560b4000 	C:\WINDOWS\System32\KERNEL32.DLL
0x00007ff854f50000 - 0x00007ff8552f4000 	C:\WINDOWS\System32\KERNELBASE.dll
0x00007ff855300000 - 0x00007ff855411000 	C:\WINDOWS\System32\ucrtbase.dll
0x00007ff83dd10000 - 0x00007ff83dd27000 	C:\Program Files\Android\Android Studio\jbr\bin\jli.dll
0x00007ff83dc40000 - 0x00007ff83dc5b000 	C:\Program Files\Android\Android Studio\jbr\bin\VCRUNTIME140.dll
0x00007ff8558a0000 - 0x00007ff855a4e000 	C:\WINDOWS\System32\USER32.dll
0x00007ff854a40000 - 0x00007ff854a66000 	C:\WINDOWS\System32\win32u.dll
0x00007ff857370000 - 0x00007ff857399000 	C:\WINDOWS\System32\GDI32.dll
0x00007ff836b90000 - 0x00007ff836e23000 	C:\WINDOWS\WinSxS\amd64_microsoft.windows.common-controls_6595b64144ccf1df_6.0.22621.2215_none_270d72677387dfc3\COMCTL32.dll
0x00007ff854c40000 - 0x00007ff854d58000 	C:\WINDOWS\System32\gdi32full.dll
0x00007ff855f40000 - 0x00007ff855fe7000 	C:\WINDOWS\System32\msvcrt.dll
0x00007ff854ba0000 - 0x00007ff854c3a000 	C:\WINDOWS\System32\msvcp_win.dll
0x00007ff855580000 - 0x00007ff8555b1000 	C:\WINDOWS\System32\IMM32.DLL
0x00007ff83e020000 - 0x00007ff83e02c000 	C:\Program Files\Android\Android Studio\jbr\bin\vcruntime140_1.dll
0x00007ff81f800000 - 0x00007ff81f88d000 	C:\Program Files\Android\Android Studio\jbr\bin\msvcp140.dll
0x00007ff800f50000 - 0x00007ff801bbd000 	C:\Program Files\Android\Android Studio\jbr\bin\server\jvm.dll
0x00007ff856a70000 - 0x00007ff856b20000 	C:\WINDOWS\System32\ADVAPI32.dll
0x00007ff855650000 - 0x00007ff8556f6000 	C:\WINDOWS\System32\sechost.dll
0x00007ff855780000 - 0x00007ff855897000 	C:\WINDOWS\System32\RPCRT4.dll
0x00007ff849040000 - 0x00007ff849074000 	C:\WINDOWS\SYSTEM32\WINMM.dll
0x00007ff836950000 - 0x00007ff836959000 	C:\WINDOWS\SYSTEM32\WSOCK32.dll
0x00007ff8555d0000 - 0x00007ff855641000 	C:\WINDOWS\System32\WS2_32.dll
0x00007ff848a70000 - 0x00007ff848a7a000 	C:\WINDOWS\SYSTEM32\VERSION.dll
0x00007ff853b60000 - 0x00007ff853b78000 	C:\WINDOWS\SYSTEM32\kernel.appcore.dll
0x00007ff84fa70000 - 0x00007ff84fa7a000 	C:\Program Files\Android\Android Studio\jbr\bin\jimage.dll
0x00007ff851d40000 - 0x00007ff851f6e000 	C:\WINDOWS\SYSTEM32\DBGHELP.DLL
0x00007ff856b80000 - 0x00007ff856f0a000 	C:\WINDOWS\System32\combase.dll
0x00007ff8573a0000 - 0x00007ff857477000 	C:\WINDOWS\System32\OLEAUT32.dll
0x00007ff8352f0000 - 0x00007ff835322000 	C:\WINDOWS\SYSTEM32\dbgcore.DLL
0x00007ff854ed0000 - 0x00007ff854f4a000 	C:\WINDOWS\System32\bcryptPrimitives.dll
0x00007ff84d080000 - 0x00007ff84d0a5000 	C:\Program Files\Android\Android Studio\jbr\bin\java.dll

dbghelp: loaded successfully - version: 4.0.5 - missing functions: none
symbol engine: initialized successfully - sym options: 0x614 - pdb path: .;C:\Program Files\Android\Android Studio\jbr\bin;C:\WINDOWS\SYSTEM32;C:\WINDOWS\WinSxS\amd64_microsoft.windows.common-controls_6595b64144ccf1df_6.0.22621.2215_none_270d72677387dfc3;C:\Program Files\Android\Android Studio\jbr\bin\server

VM Arguments:
java_command: org.jetbrains.kotlin.cli.jvm.K2JVMCompiler @D:\AFIQO\Semester 5\BDA\bottle\app\build\20230925_4540690218394775576.compiler.options
java_class_path (initial): C:\Users\AFIQO\.gradle\caches\modules-2\files-2.1\org.jetbrains.kotlin\kotlin-compiler-embeddable\1.9.20-Beta2\3508ebc8a0cfba602c7c64dec7d8ad821d4821be\kotlin-compiler-embeddable-1.9.20-Beta2.jar;C:\Users\AFIQO\.gradle\caches\modules-2\files-2.1\org.jetbrains.kotlin\kotlin-stdlib\1.9.20-Beta2\7ce634622f363f3d927669612e510b8e8be40b78\kotlin-stdlib-1.9.20-Beta2.jar;C:\Users\AFIQO\.gradle\caches\modules-2\files-2.1\org.jetbrains.kotlin\kotlin-script-runtime\1.9.20-Beta2\5669362800b453d0ca06f0de2e1a4a1b6b40d1c7\kotlin-script-runtime-1.9.20-Beta2.jar;C:\Users\AFIQO\.gradle\caches\modules-2\files-2.1\org.jetbrains.kotlin\kotlin-reflect\1.6.10\1cbe9c92c12a94eea200d23c2bbaedaf3daf5132\kotlin-reflect-1.6.10.jar;C:\Users\AFIQO\.gradle\caches\modules-2\files-2.1\org.jetbrains.kotlin\kotlin-daemon-embeddable\1.9.20-Beta2\2146349bd5d6c8a49de3b828edeed0a8c8a42604\kotlin-daemon-embeddable-1.9.20-Beta2.jar;C:\Users\AFIQO\.gradle\caches\modules-2\files-2.1\org.jetbrains.intellij.deps\trove4j\1.0.20200330\3afb14d5f9ceb459d724e907a21145e8ff394f02\trove4j-1.0.20200330.jar;C:\Users\AFIQO\.gradle\caches\modules-2\files-2.1\org.jetbrains\annotations\13.0\919f0dfe192fb4e063e7dacadee7f8bb9a2672a9\annotations-13.0.jar
Launcher Type: SUN_STANDARD

[Global flags]
     intx CICompilerCount                          = 4                                         {product} {ergonomic}
     uint ConcGCThreads                            = 2                                         {product} {ergonomic}
     uint G1ConcRefinementThreads                  = 8                                         {product} {ergonomic}
   size_t G1HeapRegionSize                         = 2097152                                   {product} {ergonomic}
    uintx GCDrainStackTargetSize                   = 64                                        {product} {ergonomic}
   size_t InitialHeapSize                          = 264241152                                 {product} {ergonomic}
   size_t MarkStackSize                            = 4194304                                   {product} {ergonomic}
   size_t MaxHeapSize                              = 4217372672                                {product} {ergonomic}
   size_t MinHeapDeltaBytes                        = 2097152                                   {product} {ergonomic}
   size_t MinHeapSize                              = 8388608                                   {product} {ergonomic}
    uintx NonNMethodCodeHeapSize                   = 5839372                                {pd product} {ergonomic}
    uintx NonProfiledCodeHeapSize                  = 122909434                              {pd product} {ergonomic}
    uintx ProfiledCodeHeapSize                     = 122909434                              {pd product} {ergonomic}
    uintx ReservedCodeCacheSize                    = 251658240                              {pd product} {ergonomic}
     bool SegmentedCodeCache                       = true                                      {product} {ergonomic}
   size_t SoftMaxHeapSize                          = 4217372672                             {manageable} {ergonomic}
     bool UseCompressedClassPointers               = true                           {product lp64_product} {ergonomic}
     bool UseCompressedOops                        = true                           {product lp64_product} {ergonomic}
     bool UseG1GC                                  = true                                      {product} {ergonomic}
     bool UseLargePagesIndividualAllocation        = false                                  {pd product} {ergonomic}

Logging:
Log output configuration:
 #0: stdout all=warning uptime,level,tags
 #1: stderr all=off uptime,level,tags

Environment Variables:
PATH=C:\Program Files\Common Files\Oracle\Java\javapath;C:\WINDOWS\system32;C:\WINDOWS;C:\WINDOWS\System32\Wbem;C:\WINDOWS\System32\WindowsPowerShell\v1.0\;C:\WINDOWS\System32\OpenSSH\;C:\Program Files\Git\cmd;D:\AFIQO\Semester 4\visualisasi data\WPy64-31090;C:\xampp\php;C:\ProgramData\ComposerSetup\bin;C:\kotlinc\bin;;C:\Program Files\Docker\Docker\resources\bin;C:\Program Files\nodejs\;C:\Users\AFIQO\AppData\Local\Microsoft\WindowsApps;C:\Users\AFIQO\AppData\Local\Programs\Microsoft VS Code\bin;C:\Users\AFIQO\AppData\Roaming\Composer\vendor\bin;C:\Users\AFIQO\AppData\Roaming\npm
USERNAME=AFIQO
OS=Windows_NT
PROCESSOR_IDENTIFIER=Intel64 Family 6 Model 140 Stepping 2, GenuineIntel
TMP=C:\Users\AFIQO\AppData\Local\Temp
TEMP=C:\Users\AFIQO\AppData\Local\Temp



---------------  S Y S T E M  ---------------

OS:
 Windows 11 , 64 bit Build 22621 (10.0.22621.2215)
OS uptime: 1 days 19:41 hours
Hyper-V role detected

CPU: total 8 (initial active 8) (4 cores per cpu, 2 threads per core) family 6 model 140 stepping 2 microcode 0x16, cx8, cmov, fxsr, ht, mmx, 3dnowpref, sse, sse2, sse3, ssse3, sse4.1, sse4.2, popcnt, lzcnt, tsc, tscinvbit, avx, avx2, aes, erms, clmul, bmi1, bmi2, adx, avx512f, avx512dq, avx512cd, avx512bw, avx512vl, sha, fma, vzeroupper, avx512_vpopcntdq, avx512_vpclmulqdq, avx512_vaes, avx512_vnni, clflush, clflushopt, clwb, avx512_vbmi2, avx512_vbmi, hv

Memory: 4k page, system-wide physical 16086M (1322M free)
TotalPageFile size 18134M (AvailPageFile size 244M)
current process WorkingSet (physical memory assigned to process): 11M, peak: 11M
current process commit charge ("private bytes"): 60M, peak: 312M

vm_info: OpenJDK 64-Bit Server VM (17.0.6+0-b2043.56-9586694) for windows-amd64 JRE (17.0.6+0-b2043.56-9586694), built on Feb  9 2023 20:06:20 by "androidbuild" with MS VC++ 16.10 / 16.11 (VS2019)

END.
